<?xml version="1.0" encoding="UTF-8"?>
<!-- Generated by org.testng.reporters.JUnitReportReporter -->
<testsuite hostname="Mac-FDTY3" name="web.Gofynd" tests="7" failures="0" timestamp="7 Mar 2017 02:58:44 GMT" time="56.534" errors="0">
  <testcase name="RemoveItemFromcart" time="10.182" classname="web.Gofynd"/>
  <testcase name="SelectCategoryFilter" time="0.345" classname="web.Gofynd"/>
  <testcase name="addTwoProductsInCartsCheckOutFlow" time="28.789" classname="web.Gofynd"/>
  <testcase name="SelectOtherFiters" time="5.500" classname="web.Gofynd"/>
  <testcase name="SelectPaymentMethod" time="2.397" classname="web.Gofynd"/>
  <testcase name="OpenFyndHomePage" time="6.970" classname="web.Gofynd"/>
  <testcase name="SelectCategory" time="2.351" classname="web.Gofynd"/>
</testsuite> <!-- web.Gofynd -->
